2025-03-19 19:25:27,864 ERROR scheduler Skipped queueing frappe.email.doctype.email_account.email_account.notify_unreplied because it was found in queue for development.localhost
2025-03-19 19:25:28,360 ERROR scheduler Skipped queueing erpnext.assets.doctype.asset.depreciation.post_depreciation_entries because it was found in queue for development.localhost
2025-03-19 19:25:28,586 ERROR scheduler Skipped queueing erpnext.erpnext_integrations.doctype.plaid_settings.plaid_settings.automatic_synchronization because it was found in queue for development.localhost
2025-03-19 19:25:28,847 ERROR scheduler Skipped queueing frappe.monitor.flush because it was found in queue for development.localhost
2025-03-19 19:25:29,421 ERROR scheduler Skipped queueing erpnext.accounts.doctype.process_subscription.process_subscription.create_subscription_process because it was found in queue for development.localhost
2025-03-19 19:25:29,675 ERROR scheduler Skipped queueing erpnext.utilities.doctype.video.video.update_youtube_data because it was found in queue for development.localhost
2025-03-19 19:25:29,923 ERROR scheduler Skipped queueing erpnext.setup.doctype.email_digest.email_digest.send because it was found in queue for development.localhost
2025-03-19 19:25:31,015 ERROR scheduler Skipped queueing frappe.integrations.doctype.google_drive.google_drive.daily_backup because it was found in queue for development.localhost
2025-03-19 19:25:31,511 ERROR scheduler Skipped queueing frappe.model.utils.user_settings.sync_user_settings because it was found in queue for development.localhost
2025-03-19 19:25:32,153 ERROR scheduler Skipped queueing frappe.email.doctype.auto_email_report.auto_email_report.send_daily because it was found in queue for development.localhost
2025-03-19 19:25:32,594 ERROR scheduler Skipped queueing erpnext.accounts.utils.auto_create_exchange_rate_revaluation_daily because it was found in queue for development.localhost
2025-03-19 19:25:32,910 ERROR scheduler Skipped queueing frappe.email.doctype.email_account.email_account.pull because it was found in queue for development.localhost
2025-03-19 19:25:34,604 ERROR scheduler Skipped queueing frappe.core.doctype.prepared_report.prepared_report.expire_stalled_report because it was found in queue for development.localhost
2025-03-19 19:25:42,677 ERROR scheduler Skipped queueing frappe.website.doctype.web_page.web_page.check_publish_status because it was found in queue for development.localhost
2025-03-19 19:25:54,155 ERROR scheduler Skipped queueing frappe.integrations.doctype.dropbox_settings.dropbox_settings.take_backups_daily because it was found in queue for development.localhost
2025-03-19 19:26:13,236 ERROR scheduler Skipped queueing erpnext.manufacturing.doctype.bom_update_log.bom_update_log.resume_bom_cost_update_jobs because it was found in queue for development.localhost
2025-03-19 19:26:13,266 ERROR scheduler Skipped queueing erpnext.manufacturing.doctype.bom_update_tool.bom_update_tool.auto_update_latest_price_in_all_boms because it was found in queue for development.localhost
2025-03-19 19:26:13,387 ERROR scheduler Skipped queueing erpnext.utilities.bulk_transaction.retry because it was found in queue for development.localhost
2025-03-19 19:28:30,478 ERROR scheduler Skipped queueing erpnext.assets.doctype.asset.depreciation.post_depreciation_entries because it was found in queue for development.localhost
2025-03-19 19:28:30,537 ERROR scheduler Skipped queueing erpnext.utilities.bulk_transaction.retry because it was found in queue for development.localhost
2025-03-19 19:28:30,683 ERROR scheduler Skipped queueing erpnext.manufacturing.doctype.bom_update_tool.bom_update_tool.auto_update_latest_price_in_all_boms because it was found in queue for development.localhost
2025-03-19 19:28:30,742 ERROR scheduler Skipped queueing erpnext.manufacturing.doctype.bom_update_log.bom_update_log.resume_bom_cost_update_jobs because it was found in queue for development.localhost
2025-03-19 19:28:30,844 ERROR scheduler Skipped queueing frappe.integrations.doctype.dropbox_settings.dropbox_settings.take_backups_daily because it was found in queue for development.localhost
2025-03-19 19:28:30,966 ERROR scheduler Skipped queueing frappe.core.doctype.log_settings.log_settings.run_log_clean_up because it was found in queue for development.localhost
2025-03-19 19:28:31,053 ERROR scheduler Skipped queueing erpnext.crm.utils.open_leads_opportunities_based_on_todays_event because it was found in queue for development.localhost
2025-03-19 19:28:31,085 ERROR scheduler Skipped queueing frappe.monitor.flush because it was found in queue for development.localhost
2025-03-19 19:28:31,371 ERROR scheduler Skipped queueing frappe.integrations.doctype.s3_backup_settings.s3_backup_settings.take_backups_daily because it was found in queue for development.localhost
2025-03-19 19:28:31,407 ERROR scheduler Skipped queueing frappe.email.queue.flush because it was found in queue for development.localhost
2025-03-19 19:28:31,462 ERROR scheduler Skipped queueing erpnext.setup.doctype.email_digest.email_digest.send because it was found in queue for development.localhost
2025-03-19 19:28:31,522 ERROR scheduler Skipped queueing frappe.integrations.doctype.google_drive.google_drive.daily_backup because it was found in queue for development.localhost
2025-03-19 19:28:31,549 ERROR scheduler Skipped queueing erpnext.stock.doctype.repost_item_valuation.repost_item_valuation.repost_entries because it was found in queue for development.localhost
2025-03-19 19:28:31,594 ERROR scheduler Skipped queueing frappe.automation.doctype.reminder.reminder.send_reminders because it was found in queue for development.localhost
2025-03-19 19:28:31,645 ERROR scheduler Skipped queueing erpnext.utilities.doctype.video.video.update_youtube_data because it was found in queue for development.localhost
2025-03-19 19:28:31,746 ERROR scheduler Skipped queueing frappe.utils.global_search.sync_global_search because it was found in queue for development.localhost
2025-03-19 19:28:31,803 ERROR scheduler Skipped queueing frappe.email.doctype.auto_email_report.auto_email_report.send_daily because it was found in queue for development.localhost
2025-03-19 19:28:31,880 ERROR scheduler Skipped queueing erpnext.stock.reorder_item.reorder_item because it was found in queue for development.localhost
2025-03-19 19:28:31,893 ERROR scheduler Skipped queueing erpnext.accounts.doctype.process_subscription.process_subscription.create_subscription_process because it was found in queue for development.localhost
2025-03-19 19:32:26,944 ERROR scheduler Skipped queueing erpnext.utilities.bulk_transaction.retry because it was found in queue for development.localhost
2025-03-19 19:32:26,973 ERROR scheduler Skipped queueing frappe.integrations.doctype.google_drive.google_drive.daily_backup because it was found in queue for development.localhost
2025-03-19 19:32:27,137 ERROR scheduler Skipped queueing erpnext.crm.utils.open_leads_opportunities_based_on_todays_event because it was found in queue for development.localhost
2025-03-19 19:32:27,253 ERROR scheduler Skipped queueing frappe.integrations.doctype.s3_backup_settings.s3_backup_settings.take_backups_daily because it was found in queue for development.localhost
2025-03-19 19:32:27,292 ERROR scheduler Skipped queueing erpnext.manufacturing.doctype.bom_update_tool.bom_update_tool.auto_update_latest_price_in_all_boms because it was found in queue for development.localhost
2025-03-19 19:32:27,313 ERROR scheduler Skipped queueing frappe.integrations.doctype.dropbox_settings.dropbox_settings.take_backups_daily because it was found in queue for development.localhost
2025-03-19 19:32:27,482 ERROR scheduler Skipped queueing frappe.email.doctype.auto_email_report.auto_email_report.send_daily because it was found in queue for development.localhost
2025-03-19 19:32:27,661 ERROR scheduler Skipped queueing erpnext.stock.doctype.repost_item_valuation.repost_item_valuation.repost_entries because it was found in queue for development.localhost
2025-03-19 19:32:27,765 ERROR scheduler Skipped queueing erpnext.assets.doctype.asset.depreciation.post_depreciation_entries because it was found in queue for development.localhost
2025-03-19 19:32:27,989 ERROR scheduler Skipped queueing erpnext.accounts.doctype.process_subscription.process_subscription.create_subscription_process because it was found in queue for development.localhost
2025-03-19 19:32:28,171 ERROR scheduler Skipped queueing erpnext.stock.reorder_item.reorder_item because it was found in queue for development.localhost
2025-03-19 19:32:28,312 ERROR scheduler Skipped queueing erpnext.setup.doctype.email_digest.email_digest.send because it was found in queue for development.localhost
2025-03-19 19:32:28,597 ERROR scheduler Skipped queueing frappe.monitor.flush because it was found in queue for development.localhost
2025-03-19 19:36:39,106 ERROR scheduler Exception in Enqueue Events for Site development.localhost
Traceback (most recent call last):
  File "/workspace/development/frappe-bench/env/lib/python3.11/site-packages/pymysql/connections.py", line 649, in connect
    sock = socket.create_connection(
           ^^^^^^^^^^^^^^^^^^^^^^^^^
  File "/home/frappe/.pyenv/versions/3.11.6/lib/python3.11/socket.py", line 827, in create_connection
    for res in getaddrinfo(host, port, 0, SOCK_STREAM):
               ^^^^^^^^^^^^^^^^^^^^^^^^^^^^^^^^^^^^^^^
  File "/home/frappe/.pyenv/versions/3.11.6/lib/python3.11/socket.py", line 962, in getaddrinfo
    for res in _socket.getaddrinfo(host, port, family, type, proto, flags):
               ^^^^^^^^^^^^^^^^^^^^^^^^^^^^^^^^^^^^^^^^^^^^^^^^^^^^^^^^^^^
socket.gaierror: [Errno -3] Temporary failure in name resolution

During handling of the above exception, another exception occurred:

Traceback (most recent call last):
  File "/workspace/development/frappe-bench/apps/frappe/frappe/utils/scheduler.py", line 99, in enqueue_events_for_site
    if is_scheduler_inactive():
       ^^^^^^^^^^^^^^^^^^^^^^^
  File "/workspace/development/frappe-bench/apps/frappe/frappe/utils/scheduler.py", line 143, in is_scheduler_inactive
    if is_scheduler_disabled(verbose=verbose):
       ^^^^^^^^^^^^^^^^^^^^^^^^^^^^^^^^^^^^^^
  File "/workspace/development/frappe-bench/apps/frappe/frappe/utils/scheduler.py", line 156, in is_scheduler_disabled
    frappe.db.get_single_value("System Settings", "enable_scheduler")
  File "/workspace/development/frappe-bench/apps/frappe/frappe/database/database.py", line 837, in get_single_value
    ).run()
      ^^^^^
  File "/workspace/development/frappe-bench/apps/frappe/frappe/query_builder/utils.py", line 87, in execute_query
    result = frappe.db.sql(query, params, *args, **kwargs)  # nosemgrep
             ^^^^^^^^^^^^^^^^^^^^^^^^^^^^^^^^^^^^^^^^^^^^^
  File "/workspace/development/frappe-bench/apps/frappe/frappe/database/database.py", line 207, in sql
    self.connect()
  File "/workspace/development/frappe-bench/apps/frappe/frappe/database/database.py", line 112, in connect
    self._conn: "MariadbConnection" | "PostgresConnection" = self.get_connection()
                                                             ^^^^^^^^^^^^^^^^^^^^^
  File "/workspace/development/frappe-bench/apps/frappe/frappe/database/mariadb/database.py", line 107, in get_connection
    conn = self._get_connection()
           ^^^^^^^^^^^^^^^^^^^^^^
  File "/workspace/development/frappe-bench/apps/frappe/frappe/database/mariadb/database.py", line 113, in _get_connection
    return self.create_connection()
           ^^^^^^^^^^^^^^^^^^^^^^^^
  File "/workspace/development/frappe-bench/apps/frappe/frappe/database/mariadb/database.py", line 116, in create_connection
    return pymysql.connect(**self.get_connection_settings())
           ^^^^^^^^^^^^^^^^^^^^^^^^^^^^^^^^^^^^^^^^^^^^^^^^^
  File "/workspace/development/frappe-bench/env/lib/python3.11/site-packages/pymysql/connections.py", line 361, in __init__
    self.connect()
  File "/workspace/development/frappe-bench/env/lib/python3.11/site-packages/pymysql/connections.py", line 716, in connect
    raise exc
pymysql.err.OperationalError: (2003, "Can't connect to MySQL server on 'mariadb' ([Errno -3] Temporary failure in name resolution)")
2025-03-19 19:43:26,389 ERROR scheduler Skipped queueing erpnext.accounts.doctype.process_subscription.process_subscription.create_subscription_process because it was found in queue for development.localhost
2025-03-19 19:43:30,526 ERROR scheduler Skipped queueing erpnext.projects.doctype.project.project.project_status_update_reminder because it was found in queue for development.localhost
2025-03-19 19:43:30,621 ERROR scheduler Skipped queueing erpnext.manufacturing.doctype.bom_update_tool.bom_update_tool.auto_update_latest_price_in_all_boms because it was found in queue for development.localhost
2025-03-19 19:43:30,736 ERROR scheduler Skipped queueing frappe.integrations.doctype.google_drive.google_drive.daily_backup because it was found in queue for development.localhost
2025-03-19 19:43:30,794 ERROR scheduler Skipped queueing frappe.integrations.doctype.dropbox_settings.dropbox_settings.take_backups_daily because it was found in queue for development.localhost
2025-03-19 19:43:31,139 ERROR scheduler Skipped queueing erpnext.stock.doctype.repost_item_valuation.repost_item_valuation.repost_entries because it was found in queue for development.localhost
2025-03-19 19:43:31,897 ERROR scheduler Skipped queueing frappe.website.doctype.web_page.web_page.check_publish_status because it was found in queue for development.localhost
2025-03-19 19:43:32,078 ERROR scheduler Skipped queueing erpnext.crm.utils.open_leads_opportunities_based_on_todays_event because it was found in queue for development.localhost
2025-03-19 19:43:32,091 ERROR scheduler Skipped queueing frappe.desk.page.backups.backups.delete_downloadable_backups because it was found in queue for development.localhost
2025-03-19 19:43:32,177 ERROR scheduler Skipped queueing erpnext.utilities.bulk_transaction.retry because it was found in queue for development.localhost
2025-03-19 19:43:32,377 ERROR scheduler Skipped queueing erpnext.assets.doctype.asset.depreciation.post_depreciation_entries because it was found in queue for development.localhost
2025-03-19 19:43:32,434 ERROR scheduler Skipped queueing frappe.integrations.doctype.s3_backup_settings.s3_backup_settings.take_backups_daily because it was found in queue for development.localhost
2025-03-19 19:43:32,462 ERROR scheduler Skipped queueing erpnext.setup.doctype.email_digest.email_digest.send because it was found in queue for development.localhost
2025-03-19 19:43:32,491 ERROR scheduler Skipped queueing frappe.email.doctype.auto_email_report.auto_email_report.send_daily because it was found in queue for development.localhost
2025-03-19 19:45:11,524 ERROR scheduler Skipped queueing frappe.email.doctype.auto_email_report.auto_email_report.send_daily because it was found in queue for development.localhost
2025-03-19 19:45:11,845 ERROR scheduler Skipped queueing frappe.integrations.doctype.dropbox_settings.dropbox_settings.take_backups_daily because it was found in queue for development.localhost
2025-03-19 19:45:12,517 ERROR scheduler Skipped queueing frappe.email.doctype.newsletter.newsletter.send_scheduled_email because it was found in queue for development.localhost
2025-03-19 19:45:13,217 ERROR scheduler Skipped queueing erpnext.setup.doctype.email_digest.email_digest.send because it was found in queue for development.localhost
2025-03-19 19:45:14,243 ERROR scheduler Skipped queueing frappe.desk.page.backups.backups.delete_downloadable_backups because it was found in queue for development.localhost
2025-03-19 19:45:14,718 ERROR scheduler Skipped queueing erpnext.manufacturing.doctype.bom_update_log.bom_update_log.resume_bom_cost_update_jobs because it was found in queue for development.localhost
2025-03-19 19:45:16,989 ERROR scheduler Skipped queueing frappe.email.doctype.email_account.email_account.notify_unreplied because it was found in queue for development.localhost
2025-03-19 19:45:18,157 ERROR scheduler Skipped queueing erpnext.erpnext_integrations.doctype.plaid_settings.plaid_settings.automatic_synchronization because it was found in queue for development.localhost
2025-03-19 19:45:18,419 ERROR scheduler Skipped queueing erpnext.projects.doctype.project.project.hourly_reminder because it was found in queue for development.localhost
2025-03-19 19:45:18,467 ERROR scheduler Skipped queueing frappe.twofactor.delete_all_barcodes_for_users because it was found in queue for development.localhost
2025-03-19 19:45:18,487 ERROR scheduler Skipped queueing erpnext.stock.doctype.repost_item_valuation.repost_item_valuation.repost_entries because it was found in queue for development.localhost
2025-03-19 19:45:18,527 ERROR scheduler Skipped queueing frappe.integrations.doctype.s3_backup_settings.s3_backup_settings.take_backups_daily because it was found in queue for development.localhost
2025-03-19 19:45:18,542 ERROR scheduler Skipped queueing frappe.integrations.doctype.google_drive.google_drive.daily_backup because it was found in queue for development.localhost
2025-03-19 19:45:18,623 ERROR scheduler Skipped queueing frappe.monitor.flush because it was found in queue for development.localhost
2025-03-19 19:45:18,739 ERROR scheduler Skipped queueing erpnext.projects.doctype.project.project.collect_project_status because it was found in queue for development.localhost
2025-03-19 19:45:18,779 ERROR scheduler Skipped queueing erpnext.accounts.doctype.process_subscription.process_subscription.create_subscription_process because it was found in queue for development.localhost
2025-03-19 19:45:18,837 ERROR scheduler Skipped queueing frappe.deferred_insert.save_to_db because it was found in queue for development.localhost
2025-03-19 19:45:18,894 ERROR scheduler Skipped queueing frappe.model.utils.user_settings.sync_user_settings because it was found in queue for development.localhost
2025-03-19 19:45:19,003 ERROR scheduler Skipped queueing erpnext.utilities.bulk_transaction.retry because it was found in queue for development.localhost
2025-03-19 19:45:19,029 ERROR scheduler Skipped queueing erpnext.assets.doctype.asset.depreciation.post_depreciation_entries because it was found in queue for development.localhost
2025-03-19 19:45:19,132 ERROR scheduler Skipped queueing erpnext.manufacturing.doctype.bom_update_tool.bom_update_tool.auto_update_latest_price_in_all_boms because it was found in queue for development.localhost
2025-03-19 19:45:19,189 ERROR scheduler Skipped queueing erpnext.crm.utils.open_leads_opportunities_based_on_todays_event because it was found in queue for development.localhost
2025-03-19 19:45:19,264 ERROR scheduler Skipped queueing frappe.email.doctype.email_account.email_account.pull because it was found in queue for development.localhost
2025-03-19 19:45:19,282 ERROR scheduler Skipped queueing erpnext.projects.doctype.project.project.project_status_update_reminder because it was found in queue for development.localhost
2025-03-19 19:49:10,190 ERROR scheduler Skipped queueing frappe.email.doctype.email_account.email_account.notify_unreplied because it was found in queue for development.localhost
2025-03-19 19:49:39,574 ERROR scheduler Skipped queueing frappe.twofactor.delete_all_barcodes_for_users because it was found in queue for development.localhost
2025-03-19 19:49:40,976 ERROR scheduler Skipped queueing erpnext.projects.doctype.project.project.hourly_reminder because it was found in queue for development.localhost
2025-03-19 19:49:41,794 ERROR scheduler Skipped queueing frappe.model.utils.user_settings.sync_user_settings because it was found in queue for development.localhost
2025-03-19 19:49:42,945 ERROR scheduler Skipped queueing frappe.integrations.doctype.s3_backup_settings.s3_backup_settings.take_backups_daily because it was found in queue for development.localhost
2025-03-19 19:49:43,360 ERROR scheduler Skipped queueing frappe.monitor.flush because it was found in queue for development.localhost
2025-03-19 19:49:45,618 ERROR scheduler Skipped queueing erpnext.utilities.bulk_transaction.retry because it was found in queue for development.localhost
2025-03-19 19:49:49,765 ERROR scheduler Skipped queueing erpnext.accounts.doctype.process_subscription.process_subscription.create_subscription_process because it was found in queue for development.localhost
2025-03-19 19:49:53,841 ERROR scheduler Skipped queueing frappe.integrations.doctype.google_drive.google_drive.daily_backup because it was found in queue for development.localhost
2025-03-19 19:49:56,171 ERROR scheduler Skipped queueing erpnext.projects.doctype.project.project.collect_project_status because it was found in queue for development.localhost
2025-03-19 19:49:58,263 ERROR scheduler Skipped queueing erpnext.manufacturing.doctype.bom_update_log.bom_update_log.resume_bom_cost_update_jobs because it was found in queue for development.localhost
2025-03-19 19:50:10,235 ERROR scheduler Skipped queueing frappe.deferred_insert.save_to_db because it was found in queue for development.localhost
2025-03-19 19:50:14,639 ERROR scheduler Skipped queueing erpnext.erpnext_integrations.doctype.plaid_settings.plaid_settings.automatic_synchronization because it was found in queue for development.localhost
2025-03-19 19:50:20,380 ERROR scheduler Skipped queueing frappe.email.queue.flush because it was found in queue for development.localhost
2025-03-19 19:50:29,620 ERROR scheduler Skipped queueing erpnext.setup.doctype.email_digest.email_digest.send because it was found in queue for development.localhost
2025-03-19 19:50:37,589 ERROR scheduler Skipped queueing erpnext.manufacturing.doctype.bom_update_tool.bom_update_tool.auto_update_latest_price_in_all_boms because it was found in queue for development.localhost
2025-03-19 19:50:52,596 ERROR scheduler Skipped queueing frappe.integrations.doctype.dropbox_settings.dropbox_settings.take_backups_daily because it was found in queue for development.localhost
2025-03-19 19:51:01,150 ERROR scheduler Skipped queueing erpnext.crm.utils.open_leads_opportunities_based_on_todays_event because it was found in queue for development.localhost
2025-03-19 19:51:09,816 ERROR scheduler Skipped queueing frappe.email.doctype.auto_email_report.auto_email_report.send_daily because it was found in queue for development.localhost
2025-03-19 19:51:55,120 ERROR scheduler Skipped queueing frappe.automation.doctype.reminder.reminder.send_reminders because it was found in queue for development.localhost
2025-03-19 19:52:17,312 ERROR scheduler Skipped queueing erpnext.stock.doctype.repost_item_valuation.repost_item_valuation.repost_entries because it was found in queue for development.localhost
2025-03-19 19:52:57,535 ERROR scheduler Skipped queueing frappe.website.doctype.web_page.web_page.check_publish_status because it was found in queue for development.localhost
2025-03-19 19:53:45,983 ERROR scheduler Skipped queueing frappe.email.doctype.newsletter.newsletter.send_scheduled_email because it was found in queue for development.localhost
2025-03-19 19:54:13,475 ERROR scheduler Skipped queueing frappe.desk.page.backups.backups.delete_downloadable_backups because it was found in queue for development.localhost
2025-03-19 19:54:22,168 ERROR scheduler Skipped queueing erpnext.assets.doctype.asset.depreciation.post_depreciation_entries because it was found in queue for development.localhost
2025-03-19 19:56:51,908 ERROR scheduler Skipped queueing frappe.oauth.delete_oauth2_data because it was found in queue for development.localhost
2025-03-19 19:57:00,192 ERROR scheduler Skipped queueing frappe.email.doctype.email_account.email_account.notify_unreplied because it was found in queue for development.localhost
2025-03-19 19:57:06,885 ERROR scheduler Skipped queueing frappe.model.utils.user_settings.sync_user_settings because it was found in queue for development.localhost
2025-03-19 19:58:19,827 ERROR scheduler Skipped queueing erpnext.projects.doctype.project.project.collect_project_status because it was found in queue for development.localhost
2025-03-19 19:59:13,968 ERROR scheduler Skipped queueing frappe.deferred_insert.save_to_db because it was found in queue for development.localhost
2025-03-19 19:59:53,543 ERROR scheduler Skipped queueing erpnext.crm.utils.open_leads_opportunities_based_on_todays_event because it was found in queue for development.localhost
2025-03-19 20:00:23,166 ERROR scheduler Skipped queueing erpnext.erpnext_integrations.doctype.plaid_settings.plaid_settings.automatic_synchronization because it was found in queue for development.localhost
2025-03-19 20:00:23,679 ERROR scheduler Skipped queueing frappe.utils.global_search.sync_global_search because it was found in queue for development.localhost
2025-03-19 20:00:23,778 ERROR scheduler Skipped queueing erpnext.utilities.bulk_transaction.retry because it was found in queue for development.localhost
2025-03-19 20:00:23,888 ERROR scheduler Skipped queueing erpnext.stock.doctype.repost_item_valuation.repost_item_valuation.repost_entries because it was found in queue for development.localhost
2025-03-19 20:00:24,074 ERROR scheduler Skipped queueing frappe.monitor.flush because it was found in queue for development.localhost
2025-03-19 20:00:24,188 ERROR scheduler Skipped queueing erpnext.projects.doctype.project.project.hourly_reminder because it was found in queue for development.localhost
2025-03-19 20:00:24,230 ERROR scheduler Skipped queueing frappe.twofactor.delete_all_barcodes_for_users because it was found in queue for development.localhost
2025-03-19 20:00:24,347 ERROR scheduler Skipped queueing erpnext.accounts.doctype.process_subscription.process_subscription.create_subscription_process because it was found in queue for development.localhost
2025-03-19 20:00:24,407 ERROR scheduler Skipped queueing frappe.integrations.doctype.google_drive.google_drive.daily_backup because it was found in queue for development.localhost
2025-03-19 20:00:24,470 ERROR scheduler Skipped queueing erpnext.setup.doctype.email_digest.email_digest.send because it was found in queue for development.localhost
2025-03-19 20:00:24,781 ERROR scheduler Skipped queueing erpnext.manufacturing.doctype.bom_update_tool.bom_update_tool.auto_update_latest_price_in_all_boms because it was found in queue for development.localhost
2025-03-19 20:00:24,853 ERROR scheduler Skipped queueing frappe.integrations.doctype.s3_backup_settings.s3_backup_settings.take_backups_daily because it was found in queue for development.localhost
2025-03-19 20:00:25,081 ERROR scheduler Skipped queueing frappe.integrations.doctype.dropbox_settings.dropbox_settings.take_backups_daily because it was found in queue for development.localhost
2025-03-19 20:00:25,147 ERROR scheduler Skipped queueing frappe.email.doctype.newsletter.newsletter.send_scheduled_email because it was found in queue for development.localhost
2025-03-19 20:00:25,203 ERROR scheduler Skipped queueing erpnext.assets.doctype.asset.depreciation.post_depreciation_entries because it was found in queue for development.localhost
2025-03-19 20:00:25,350 ERROR scheduler Skipped queueing frappe.email.doctype.auto_email_report.auto_email_report.send_daily because it was found in queue for development.localhost
2025-03-19 20:00:25,473 ERROR scheduler Skipped queueing frappe.email.doctype.email_account.email_account.pull because it was found in queue for development.localhost
2025-03-19 20:00:25,511 ERROR scheduler Skipped queueing erpnext.manufacturing.doctype.bom_update_log.bom_update_log.resume_bom_cost_update_jobs because it was found in queue for development.localhost
2025-03-19 20:01:38,524 ERROR scheduler Skipped queueing frappe.integrations.doctype.google_drive.google_drive.daily_backup because it was found in queue for development.localhost
2025-03-19 20:01:48,357 ERROR scheduler Skipped queueing frappe.desk.page.backups.backups.delete_downloadable_backups because it was found in queue for development.localhost
2025-03-19 20:02:41,291 ERROR scheduler Skipped queueing erpnext.accounts.doctype.gl_entry.gl_entry.rename_gle_sle_docs because it was found in queue for development.localhost
2025-03-19 20:02:41,394 ERROR scheduler Skipped queueing frappe.utils.global_search.sync_global_search because it was found in queue for development.localhost
2025-03-19 20:02:41,664 ERROR scheduler Skipped queueing erpnext.crm.utils.open_leads_opportunities_based_on_todays_event because it was found in queue for development.localhost
2025-03-19 20:02:41,775 ERROR scheduler Skipped queueing frappe.integrations.doctype.s3_backup_settings.s3_backup_settings.take_backups_daily because it was found in queue for development.localhost
2025-03-19 20:02:42,127 ERROR scheduler Skipped queueing erpnext.assets.doctype.asset.depreciation.post_depreciation_entries because it was found in queue for development.localhost
2025-03-19 20:02:42,218 ERROR scheduler Skipped queueing frappe.email.doctype.email_account.email_account.pull because it was found in queue for development.localhost
2025-03-19 20:02:42,282 ERROR scheduler Skipped queueing frappe.integrations.doctype.dropbox_settings.dropbox_settings.take_backups_daily because it was found in queue for development.localhost
2025-03-19 20:02:42,304 ERROR scheduler Skipped queueing erpnext.utilities.doctype.video.video.update_youtube_data because it was found in queue for development.localhost
2025-03-19 20:02:42,386 ERROR scheduler Skipped queueing erpnext.setup.doctype.email_digest.email_digest.send because it was found in queue for development.localhost
2025-03-19 20:02:42,454 ERROR scheduler Skipped queueing erpnext.accounts.doctype.process_subscription.process_subscription.create_subscription_process because it was found in queue for development.localhost
2025-03-19 20:02:42,493 ERROR scheduler Skipped queueing frappe.automation.doctype.reminder.reminder.send_reminders because it was found in queue for development.localhost
2025-03-19 20:02:42,519 ERROR scheduler Skipped queueing frappe.oauth.delete_oauth2_data because it was found in queue for development.localhost
2025-03-19 20:02:42,545 ERROR scheduler Skipped queueing erpnext.manufacturing.doctype.bom_update_tool.bom_update_tool.auto_update_latest_price_in_all_boms because it was found in queue for development.localhost
2025-03-19 20:02:42,584 ERROR scheduler Skipped queueing erpnext.stock.doctype.repost_item_valuation.repost_item_valuation.repost_entries because it was found in queue for development.localhost
2025-03-19 20:02:42,612 ERROR scheduler Skipped queueing erpnext.utilities.bulk_transaction.retry because it was found in queue for development.localhost
2025-03-19 20:02:42,659 ERROR scheduler Skipped queueing frappe.model.utils.user_settings.sync_user_settings because it was found in queue for development.localhost
2025-03-19 20:02:42,771 ERROR scheduler Skipped queueing frappe.email.doctype.auto_email_report.auto_email_report.send_daily because it was found in queue for development.localhost
2025-03-19 20:02:42,856 ERROR scheduler Skipped queueing frappe.website.doctype.web_page.web_page.check_publish_status because it was found in queue for development.localhost
2025-03-19 20:05:16,961 ERROR scheduler Skipped queueing frappe.email.doctype.auto_email_report.auto_email_report.send_daily because it was found in queue for development.localhost
2025-03-19 20:05:17,490 ERROR scheduler Skipped queueing erpnext.utilities.bulk_transaction.retry because it was found in queue for development.localhost
2025-03-19 20:05:29,038 ERROR scheduler Skipped queueing erpnext.assets.doctype.asset.depreciation.post_depreciation_entries because it was found in queue for development.localhost
2025-03-19 20:06:25,417 ERROR scheduler Skipped queueing erpnext.manufacturing.doctype.bom_update_tool.bom_update_tool.auto_update_latest_price_in_all_boms because it was found in queue for development.localhost
2025-03-19 20:06:25,617 ERROR scheduler Skipped queueing frappe.core.doctype.prepared_report.prepared_report.expire_stalled_report because it was found in queue for development.localhost
2025-03-19 20:06:25,748 ERROR scheduler Skipped queueing frappe.desk.page.backups.backups.delete_downloadable_backups because it was found in queue for development.localhost
2025-03-19 20:06:25,768 ERROR scheduler Skipped queueing erpnext.accounts.doctype.process_subscription.process_subscription.create_subscription_process because it was found in queue for development.localhost
2025-03-19 20:06:25,810 ERROR scheduler Skipped queueing erpnext.utilities.doctype.video.video.update_youtube_data because it was found in queue for development.localhost
2025-03-19 20:06:25,841 ERROR scheduler Skipped queueing frappe.monitor.flush because it was found in queue for development.localhost
2025-03-19 20:06:25,862 ERROR scheduler Skipped queueing frappe.integrations.doctype.dropbox_settings.dropbox_settings.take_backups_daily because it was found in queue for development.localhost
2025-03-19 20:06:25,938 ERROR scheduler Skipped queueing erpnext.setup.doctype.email_digest.email_digest.send because it was found in queue for development.localhost
2025-03-19 20:06:26,028 ERROR scheduler Skipped queueing erpnext.stock.doctype.repost_item_valuation.repost_item_valuation.repost_entries because it was found in queue for development.localhost
2025-03-19 20:06:26,181 ERROR scheduler Skipped queueing erpnext.crm.utils.open_leads_opportunities_based_on_todays_event because it was found in queue for development.localhost
2025-03-19 20:06:26,202 ERROR scheduler Skipped queueing frappe.integrations.doctype.s3_backup_settings.s3_backup_settings.take_backups_daily because it was found in queue for development.localhost
2025-03-19 20:06:26,260 ERROR scheduler Skipped queueing erpnext.accounts.doctype.gl_entry.gl_entry.rename_gle_sle_docs because it was found in queue for development.localhost
2025-03-19 20:06:26,284 ERROR scheduler Skipped queueing frappe.integrations.doctype.google_drive.google_drive.daily_backup because it was found in queue for development.localhost
2025-03-19 20:07:29,604 ERROR scheduler Skipped queueing frappe.integrations.doctype.s3_backup_settings.s3_backup_settings.take_backups_daily because it was found in queue for development.localhost
2025-03-19 20:07:29,660 ERROR scheduler Skipped queueing erpnext.manufacturing.doctype.bom_update_tool.bom_update_tool.auto_update_latest_price_in_all_boms because it was found in queue for development.localhost
2025-03-19 20:07:29,837 ERROR scheduler Skipped queueing erpnext.accounts.doctype.process_subscription.process_subscription.create_subscription_process because it was found in queue for development.localhost
2025-03-19 20:07:29,965 ERROR scheduler Skipped queueing frappe.integrations.doctype.dropbox_settings.dropbox_settings.take_backups_daily because it was found in queue for development.localhost
2025-03-19 20:07:30,036 ERROR scheduler Skipped queueing erpnext.assets.doctype.asset.depreciation.post_depreciation_entries because it was found in queue for development.localhost
2025-03-19 20:07:30,088 ERROR scheduler Skipped queueing erpnext.utilities.bulk_transaction.retry because it was found in queue for development.localhost
2025-03-19 20:07:30,108 ERROR scheduler Skipped queueing erpnext.stock.doctype.repost_item_valuation.repost_item_valuation.repost_entries because it was found in queue for development.localhost
2025-03-19 20:08:47,233 ERROR scheduler Skipped queueing erpnext.manufacturing.doctype.bom_update_tool.bom_update_tool.auto_update_latest_price_in_all_boms because it was found in queue for development.localhost
2025-03-19 20:08:47,375 ERROR scheduler Skipped queueing frappe.integrations.doctype.s3_backup_settings.s3_backup_settings.take_backups_daily because it was found in queue for development.localhost
2025-03-19 20:08:47,506 ERROR scheduler Skipped queueing erpnext.stock.doctype.repost_item_valuation.repost_item_valuation.repost_entries because it was found in queue for development.localhost
2025-03-19 20:08:47,584 ERROR scheduler Skipped queueing frappe.integrations.doctype.dropbox_settings.dropbox_settings.take_backups_daily because it was found in queue for development.localhost
2025-03-19 20:08:47,674 ERROR scheduler Skipped queueing erpnext.assets.doctype.asset.depreciation.post_depreciation_entries because it was found in queue for development.localhost
2025-03-19 20:08:47,688 ERROR scheduler Skipped queueing erpnext.utilities.bulk_transaction.retry because it was found in queue for development.localhost
2025-03-19 20:25:49,482 ERROR scheduler Skipped queueing frappe.twofactor.delete_all_barcodes_for_users because it was found in queue for development.localhost
2025-03-19 20:30:37,765 ERROR scheduler Skipped queueing frappe.automation.doctype.reminder.reminder.send_reminders because it was found in queue for development.localhost
2025-03-19 20:30:37,853 ERROR scheduler Skipped queueing frappe.email.doctype.email_account.email_account.pull because it was found in queue for development.localhost
2025-03-19 20:30:38,100 ERROR scheduler Skipped queueing frappe.email.doctype.email_account.email_account.notify_unreplied because it was found in queue for development.localhost
2025-03-19 20:30:38,121 ERROR scheduler Skipped queueing erpnext.manufacturing.doctype.bom_update_log.bom_update_log.resume_bom_cost_update_jobs because it was found in queue for development.localhost
2025-03-19 20:30:38,147 ERROR scheduler Skipped queueing frappe.monitor.flush because it was found in queue for development.localhost
2025-03-19 20:30:38,258 ERROR scheduler Skipped queueing frappe.oauth.delete_oauth2_data because it was found in queue for development.localhost
2025-03-19 20:30:38,337 ERROR scheduler Skipped queueing frappe.deferred_insert.save_to_db because it was found in queue for development.localhost
2025-03-19 20:30:38,429 ERROR scheduler Skipped queueing frappe.website.doctype.web_page.web_page.check_publish_status because it was found in queue for development.localhost
2025-03-19 20:30:38,526 ERROR scheduler Skipped queueing frappe.utils.global_search.sync_global_search because it was found in queue for development.localhost
